<?xml version="1.0" encoding="UTF-8"?>
<!-- Generated by org.testng.reporters.JUnitReportReporter -->
<testsuite hostname="Lenovo-PC" failures="0" tests="1" name="practice.Demo1Test" time="0.025" errors="0" timestamp="2021-12-10T16:36:23 IST" skipped="0">
  <testcase classname="practice.Demo1Test" name="read" time="0.025"/>
  <system-out/>
</testsuite> <!-- practice.Demo1Test -->
