<?xml version="1.0" encoding="UTF-8"?>
<!-- Generated by org.testng.reporters.JUnitReportReporter -->
<testsuite hostname="Lenovo-PC" failures="0" tests="1" name="practice.DemoTest" time="0.033" errors="0" timestamp="2021-12-10T16:35:52 IST" skipped="0">
  <testcase classname="practice.DemoTest" name="demo" time="0.033"/>
  <system-out/>
</testsuite> <!-- practice.DemoTest -->
